This is XeTeX, Version 3.141592653-2.6-0.999995 (TeX Live 2023) (preloaded format=xelatex 2023.10.26)  5 NOV 2024 12:47
entering extended mode
 restricted \write18 enabled.
 %&-line parsing enabled.
**ECOMODbook.tex
(./ECOMODbook.tex
LaTeX2e <2023-06-01> patch level 1
L3 programming layer <2023-10-23>
(c:/Users/tam2/AppData/Roaming/TinyTeX/texmf-dist/tex/latex/base/book.cls
Document Class: book 2023/05/17 v1.4n Standard LaTeX document class
(c:/Users/tam2/AppData/Roaming/TinyTeX/texmf-dist/tex/latex/base/bk10.clo
File: bk10.clo 2023/05/17 v1.4n Standard LaTeX file (size option)
)
\c@part=\count182
\c@chapter=\count183
\c@section=\count184
\c@subsection=\count185
\c@subsubsection=\count186
\c@paragraph=\count187
\c@subparagraph=\count188
\c@figure=\count189
\c@table=\count190
\abovecaptionskip=\skip48
\belowcaptionskip=\skip49
\bibindent=\dimen140
) (c:/Users/tam2/AppData/Roaming/TinyTeX/texmf-dist/tex/latex/amsmath/amsmath.sty
Package: amsmath 2023/05/13 v2.17o AMS math features
\@mathmargin=\skip50
For additional information on amsmath, use the `?' option.
(c:/Users/tam2/AppData/Roaming/TinyTeX/texmf-dist/tex/latex/amsmath/amstext.sty
Package: amstext 2021/08/26 v2.01 AMS text
(c:/Users/tam2/AppData/Roaming/TinyTeX/texmf-dist/tex/latex/amsmath/amsgen.sty
File: amsgen.sty 1999/11/30 v2.0 generic functions
\@emptytoks=\toks17
\ex@=\dimen141
)) (c:/Users/tam2/AppData/Roaming/TinyTeX/texmf-dist/tex/latex/amsmath/amsbsy.sty
Package: amsbsy 1999/11/29 v1.2d Bold Symbols
\pmbraise@=\dimen142
) (c:/Users/tam2/AppData/Roaming/TinyTeX/texmf-dist/tex/latex/amsmath/amsopn.sty
Package: amsopn 2022/04/08 v2.04 operator names
)
\inf@bad=\count191
LaTeX Info: Redefining \frac on input line 234.
\uproot@=\count192
\leftroot@=\count193
LaTeX Info: Redefining \overline on input line 399.
LaTeX Info: Redefining \colon on input line 410.
\classnum@=\count194
\DOTSCASE@=\count195
LaTeX Info: Redefining \ldots on input line 496.
LaTeX Info: Redefining \dots on input line 499.
LaTeX Info: Redefining \cdots on input line 620.
\Mathstrutbox@=\box51
\strutbox@=\box52
LaTeX Info: Redefining \big on input line 722.
LaTeX Info: Redefining \Big on input line 723.
LaTeX Info: Redefining \bigg on input line 724.
LaTeX Info: Redefining \Bigg on input line 725.
\big@size=\dimen143
LaTeX Font Info:    Redeclaring font encoding OML on input line 743.
LaTeX Font Info:    Redeclaring font encoding OMS on input line 744.
\macc@depth=\count196
LaTeX Info: Redefining \bmod on input line 905.
LaTeX Info: Redefining \pmod on input line 910.
LaTeX Info: Redefining \smash on input line 940.
LaTeX Info: Redefining \relbar on input line 970.
LaTeX Info: Redefining \Relbar on input line 971.
\c@MaxMatrixCols=\count197
\dotsspace@=\muskip16
\c@parentequation=\count198
\dspbrk@lvl=\count199
\tag@help=\toks18
\row@=\count266
\column@=\count267
\maxfields@=\count268
\andhelp@=\toks19
\eqnshift@=\dimen144
\alignsep@=\dimen145
\tagshift@=\dimen146
\tagwidth@=\dimen147
\totwidth@=\dimen148
\lineht@=\dimen149
\@envbody=\toks20
\multlinegap=\skip51
\multlinetaggap=\skip52
\mathdisplay@stack=\toks21
LaTeX Info: Redefining \[ on input line 2953.
LaTeX Info: Redefining \] on input line 2954.
) (c:/Users/tam2/AppData/Roaming/TinyTeX/texmf-dist/tex/latex/amsfonts/amssymb.sty
Package: amssymb 2013/01/14 v3.01 AMS font symbols
(c:/Users/tam2/AppData/Roaming/TinyTeX/texmf-dist/tex/latex/amsfonts/amsfonts.sty
Package: amsfonts 2013/01/14 v3.01 Basic AMSFonts support
\symAMSa=\mathgroup4
\symAMSb=\mathgroup5
LaTeX Font Info:    Redeclaring math symbol \hbar on input line 98.
LaTeX Font Info:    Overwriting math alphabet `\mathfrak' in version `bold'
(Font)                  U/euf/m/n --> U/euf/b/n on input line 106.
)) (c:/Users/tam2/AppData/Roaming/TinyTeX/texmf-dist/tex/generic/iftex/iftex.sty
Package: iftex 2022/02/03 v1.0f TeX engine tests
) (c:/Users/tam2/AppData/Roaming/TinyTeX/texmf-dist/tex/latex/unicode-math/unicode-math.sty (c:/Users/tam2/AppData/Roaming/TinyTeX/texmf-dist/tex/latex/l3kernel/expl3.sty
Package: expl3 2023-10-23 L3 programming layer (loader) 
(c:/Users/tam2/AppData/Roaming/TinyTeX/texmf-dist/tex/latex/l3backend/l3backend-xetex.def
File: l3backend-xetex.def 2023-10-23 L3 backend support: XeTeX
\g__graphics_track_int=\count269
\l__pdf_internal_box=\box53
\g__pdf_backend_object_int=\count270
\g__pdf_backend_annotation_int=\count271
\g__pdf_backend_link_int=\count272
))
Package: unicode-math 2023/08/13 v0.8r Unicode maths in XeLaTeX and LuaLaTeX
(c:/Users/tam2/AppData/Roaming/TinyTeX/texmf-dist/tex/latex/unicode-math/unicode-math-xetex.sty
Package: unicode-math-xetex 2023/08/13 v0.8r Unicode maths in XeLaTeX and LuaLaTeX
(c:/Users/tam2/AppData/Roaming/TinyTeX/texmf-dist/tex/latex/l3packages/xparse/xparse.sty
Package: xparse 2023-10-10 L3 Experimental document command parser
) (c:/Users/tam2/AppData/Roaming/TinyTeX/texmf-dist/tex/latex/l3packages/l3keys2e/l3keys2e.sty
Package: l3keys2e 2023-10-10 LaTeX2e option processing using LaTeX3 keys
) (c:/Users/tam2/AppData/Roaming/TinyTeX/texmf-dist/tex/latex/fontspec/fontspec.sty
Package: fontspec 2022/01/15 v2.8a Font selection for XeLaTeX and LuaLaTeX
(c:/Users/tam2/AppData/Roaming/TinyTeX/texmf-dist/tex/latex/fontspec/fontspec-xetex.sty
Package: fontspec-xetex 2022/01/15 v2.8a Font selection for XeLaTeX and LuaLaTeX
\l__fontspec_script_int=\count273
\l__fontspec_language_int=\count274
\l__fontspec_strnum_int=\count275
\l__fontspec_tmp_int=\count276
\l__fontspec_tmpa_int=\count277
\l__fontspec_tmpb_int=\count278
\l__fontspec_tmpc_int=\count279
\l__fontspec_em_int=\count280
\l__fontspec_emdef_int=\count281
\l__fontspec_strong_int=\count282
\l__fontspec_strongdef_int=\count283
\l__fontspec_tmpa_dim=\dimen150
\l__fontspec_tmpb_dim=\dimen151
\l__fontspec_tmpc_dim=\dimen152
(c:/Users/tam2/AppData/Roaming/TinyTeX/texmf-dist/tex/latex/base/fontenc.sty
Package: fontenc 2021/04/29 v2.0v Standard LaTeX package
) (c:/Users/tam2/AppData/Roaming/TinyTeX/texmf-dist/tex/latex/fontspec/fontspec.cfg))) (c:/Users/tam2/AppData/Roaming/TinyTeX/texmf-dist/tex/latex/base/fix-cm.sty
Package: fix-cm 2020/11/24 v1.1t fixes to LaTeX
(c:/Users/tam2/AppData/Roaming/TinyTeX/texmf-dist/tex/latex/base/ts1enc.def
File: ts1enc.def 2001/06/05 v3.0e (jk/car/fm) Standard LaTeX file
LaTeX Font Info:    Redeclaring font encoding TS1 on input line 47.
))
\g__um_fam_int=\count284
\g__um_fonts_used_int=\count285
\l__um_primecount_int=\count286
\g__um_primekern_muskip=\muskip17
(c:/Users/tam2/AppData/Roaming/TinyTeX/texmf-dist/tex/latex/unicode-math/unicode-math-table.tex))) (c:/Users/tam2/AppData/Roaming/TinyTeX/texmf-dist/tex/latex/lm/lmodern.sty
Package: lmodern 2015/05/01 v1.6.1 Latin Modern Fonts
LaTeX Font Info:    Overwriting symbol font `operators' in version `normal'
(Font)                  OT1/cmr/m/n --> OT1/lmr/m/n on input line 22.
LaTeX Font Info:    Overwriting symbol font `letters' in version `normal'
(Font)                  OML/cmm/m/it --> OML/lmm/m/it on input line 23.
LaTeX Font Info:    Overwriting symbol font `symbols' in version `normal'
(Font)                  OMS/cmsy/m/n --> OMS/lmsy/m/n on input line 24.
LaTeX Font Info:    Overwriting symbol font `largesymbols' in version `normal'
(Font)                  OMX/cmex/m/n --> OMX/lmex/m/n on input line 25.
LaTeX Font Info:    Overwriting symbol font `operators' in version `bold'
(Font)                  OT1/cmr/bx/n --> OT1/lmr/bx/n on input line 26.
LaTeX Font Info:    Overwriting symbol font `letters' in version `bold'
(Font)                  OML/cmm/b/it --> OML/lmm/b/it on input line 27.
LaTeX Font Info:    Overwriting symbol font `symbols' in version `bold'
(Font)                  OMS/cmsy/b/n --> OMS/lmsy/b/n on input line 28.
LaTeX Font Info:    Overwriting symbol font `largesymbols' in version `bold'
(Font)                  OMX/cmex/m/n --> OMX/lmex/m/n on input line 29.
LaTeX Font Info:    Overwriting math alphabet `\mathbf' in version `normal'
(Font)                  OT1/cmr/bx/n --> OT1/lmr/bx/n on input line 31.
LaTeX Font Info:    Overwriting math alphabet `\mathsf' in version `normal'
(Font)                  OT1/cmss/m/n --> OT1/lmss/m/n on input line 32.
LaTeX Font Info:    Overwriting math alphabet `\mathit' in version `normal'
(Font)                  OT1/cmr/m/it --> OT1/lmr/m/it on input line 33.
LaTeX Font Info:    Overwriting math alphabet `\mathtt' in version `normal'
(Font)                  OT1/cmtt/m/n --> OT1/lmtt/m/n on input line 34.
LaTeX Font Info:    Overwriting math alphabet `\mathbf' in version `bold'
(Font)                  OT1/cmr/bx/n --> OT1/lmr/bx/n on input line 35.
LaTeX Font Info:    Overwriting math alphabet `\mathsf' in version `bold'
(Font)                  OT1/cmss/bx/n --> OT1/lmss/bx/n on input line 36.
LaTeX Font Info:    Overwriting math alphabet `\mathit' in version `bold'
(Font)                  OT1/cmr/bx/it --> OT1/lmr/bx/it on input line 37.
LaTeX Font Info:    Overwriting math alphabet `\mathtt' in version `bold'
(Font)                  OT1/cmtt/m/n --> OT1/lmtt/m/n on input line 38.
) (c:/Users/tam2/AppData/Roaming/TinyTeX/texmf-dist/tex/latex/upquote/upquote.sty
Package: upquote 2012/04/19 v1.3 upright-quote and grave-accent glyphs in verbatim
(c:/Users/tam2/AppData/Roaming/TinyTeX/texmf-dist/tex/latex/base/textcomp.sty
Package: textcomp 2020/02/02 v2.0n Standard LaTeX package
)) (c:/Users/tam2/AppData/Roaming/TinyTeX/texmf-dist/tex/latex/microtype/microtype.sty
Package: microtype 2023/03/13 v3.1a Micro-typographical refinements (RS)
(c:/Users/tam2/AppData/Roaming/TinyTeX/texmf-dist/tex/latex/graphics/keyval.sty
Package: keyval 2022/05/29 v1.15 key=value parser (DPC)
\KV@toks@=\toks22
) (c:/Users/tam2/AppData/Roaming/TinyTeX/texmf-dist/tex/latex/etoolbox/etoolbox.sty
Package: etoolbox 2020/10/05 v2.5k e-TeX tools for LaTeX (JAW)
\etb@tempcnta=\count287
)
\MT@toks=\toks23
\MT@tempbox=\box54
\MT@count=\count288
LaTeX Info: Redefining \noprotrusionifhmode on input line 1059.
LaTeX Info: Redefining \leftprotrusion on input line 1060.
\MT@prot@toks=\toks24
LaTeX Info: Redefining \rightprotrusion on input line 1078.
LaTeX Info: Redefining \textls on input line 1368.
\MT@outer@kern=\dimen153
LaTeX Info: Redefining \textmicrotypecontext on input line 1988.
\MT@listname@count=\count289
(c:/Users/tam2/AppData/Roaming/TinyTeX/texmf-dist/tex/latex/microtype/microtype-xetex.def
File: microtype-xetex.def 2023/03/13 v3.1a Definitions specific to xetex (RS)
LaTeX Info: Redefining \lsstyle on input line 238.
)
Package microtype Info: Loading configuration file microtype.cfg.
(c:/Users/tam2/AppData/Roaming/TinyTeX/texmf-dist/tex/latex/microtype/microtype.cfg
File: microtype.cfg 2023/03/13 v3.1a microtype main configuration file (RS)
)) (c:/Users/tam2/AppData/Roaming/TinyTeX/texmf-dist/tex/latex/parskip/parskip.sty
Package: parskip 2021-03-14 v2.0h non-zero parskip adjustments
(c:/Users/tam2/AppData/Roaming/TinyTeX/texmf-dist/tex/latex/kvoptions/kvoptions.sty
Package: kvoptions 2022-06-15 v3.15 Key value format for package options (HO)
(c:/Users/tam2/AppData/Roaming/TinyTeX/texmf-dist/tex/generic/ltxcmds/ltxcmds.sty
Package: ltxcmds 2020-05-10 v1.25 LaTeX kernel commands for general use (HO)
) (c:/Users/tam2/AppData/Roaming/TinyTeX/texmf-dist/tex/latex/kvsetkeys/kvsetkeys.sty
Package: kvsetkeys 2022-10-05 v1.19 Key value parser (HO)
))) (c:/Users/tam2/AppData/Roaming/TinyTeX/texmf-dist/tex/latex/xcolor/xcolor.sty
Package: xcolor 2022/06/12 v2.14 LaTeX color extensions (UK)
(c:/Users/tam2/AppData/Roaming/TinyTeX/texmf-dist/tex/latex/graphics-cfg/color.cfg
File: color.cfg 2016/01/02 v1.6 sample color configuration
)
Package xcolor Info: Driver file: xetex.def on input line 227.
(c:/Users/tam2/AppData/Roaming/TinyTeX/texmf-dist/tex/latex/graphics-def/xetex.def
File: xetex.def 2022/09/22 v5.0n Graphics/color driver for xetex
) (c:/Users/tam2/AppData/Roaming/TinyTeX/texmf-dist/tex/latex/graphics/mathcolor.ltx)
Package xcolor Info: Model `cmy' substituted by `cmy0' on input line 1353.
Package xcolor Info: Model `RGB' extended on input line 1369.
Package xcolor Info: Model `HTML' substituted by `rgb' on input line 1371.
Package xcolor Info: Model `Hsb' substituted by `hsb' on input line 1372.
Package xcolor Info: Model `tHsb' substituted by `hsb' on input line 1373.
Package xcolor Info: Model `HSB' substituted by `hsb' on input line 1374.
Package xcolor Info: Model `Gray' substituted by `gray' on input line 1375.
Package xcolor Info: Model `wave' substituted by `hsb' on input line 1376.
) (c:/Users/tam2/AppData/Roaming/TinyTeX/texmf-dist/tex/latex/fancyvrb/fancyvrb.sty
Package: fancyvrb 2023/01/19 4.5a verbatim text (tvz,hv)
\FV@CodeLineNo=\count290
\FV@InFile=\read2
\FV@TabBox=\box55
\c@FancyVerbLine=\count291
\FV@StepNumber=\count292
\FV@OutFile=\write3
) (c:/Users/tam2/AppData/Roaming/TinyTeX/texmf-dist/tex/latex/framed/framed.sty
Package: framed 2011/10/22 v 0.96: framed or shaded text with page breaks
\OuterFrameSep=\skip53
\fb@frw=\dimen154
\fb@frh=\dimen155
\FrameRule=\dimen156
\FrameSep=\dimen157
) (c:/Users/tam2/AppData/Roaming/TinyTeX/texmf-dist/tex/latex/tools/longtable.sty
Package: longtable 2021-09-01 v4.17 Multi-page Table package (DPC)
\LTleft=\skip54
\LTright=\skip55
\LTpre=\skip56
\LTpost=\skip57
\LTchunksize=\count293
\LTcapwidth=\dimen158
\LT@head=\box56
\LT@firsthead=\box57
\LT@foot=\box58
\LT@lastfoot=\box59
\LT@gbox=\box60
\LT@cols=\count294
\LT@rows=\count295
\c@LT@tables=\count296
\c@LT@chunks=\count297
\LT@p@ftn=\toks25
) (c:/Users/tam2/AppData/Roaming/TinyTeX/texmf-dist/tex/latex/booktabs/booktabs.sty
Package: booktabs 2020/01/12 v1.61803398 Publication quality tables
\heavyrulewidth=\dimen159
\lightrulewidth=\dimen160
\cmidrulewidth=\dimen161
\belowrulesep=\dimen162
\belowbottomsep=\dimen163
\aboverulesep=\dimen164
\abovetopsep=\dimen165
\cmidrulesep=\dimen166
\cmidrulekern=\dimen167
\defaultaddspace=\dimen168
\@cmidla=\count298
\@cmidlb=\count299
\@aboverulesep=\dimen169
\@belowrulesep=\dimen170
\@thisruleclass=\count300
\@lastruleclass=\count301
\@thisrulewidth=\dimen171
) (c:/Users/tam2/AppData/Roaming/TinyTeX/texmf-dist/tex/latex/tools/array.sty
Package: array 2022/09/04 v2.5g Tabular extension package (FMi)
\col@sep=\dimen172
\ar@mcellbox=\box61
\extrarowheight=\dimen173
\NC@list=\toks26
\extratabsurround=\skip58
\backup@length=\skip59
\ar@cellbox=\box62
) (c:/Users/tam2/AppData/Roaming/TinyTeX/texmf-dist/tex/latex/tools/calc.sty
Package: calc 2017/05/25 v4.3 Infix arithmetic (KKT,FJ)
\calc@Acount=\count302
\calc@Bcount=\count303
\calc@Adimen=\dimen174
\calc@Bdimen=\dimen175
\calc@Askip=\skip60
\calc@Bskip=\skip61
LaTeX Info: Redefining \setlength on input line 80.
LaTeX Info: Redefining \addtolength on input line 81.
\calc@Ccount=\count304
\calc@Cskip=\skip62
) (c:/Users/tam2/AppData/Roaming/TinyTeX/texmf-dist/tex/latex/mdwtools/footnote.sty
Package: footnote 1997/01/28 1.13 Save footnotes around boxes
\fn@notes=\box63
\fn@width=\dimen176
) (c:/Users/tam2/AppData/Roaming/TinyTeX/texmf-dist/tex/latex/graphics/graphicx.sty
Package: graphicx 2021/09/16 v1.2d Enhanced LaTeX Graphics (DPC,SPQR)
(c:/Users/tam2/AppData/Roaming/TinyTeX/texmf-dist/tex/latex/graphics/graphics.sty
Package: graphics 2022/03/10 v1.4e Standard LaTeX Graphics (DPC,SPQR)
(c:/Users/tam2/AppData/Roaming/TinyTeX/texmf-dist/tex/latex/graphics/trig.sty
Package: trig 2021/08/11 v1.11 sin cos tan (DPC)
) (c:/Users/tam2/AppData/Roaming/TinyTeX/texmf-dist/tex/latex/graphics-cfg/graphics.cfg
File: graphics.cfg 2016/06/04 v1.11 sample graphics configuration
)
Package graphics Info: Driver file: xetex.def on input line 107.
)
\Gin@req@height=\dimen177
\Gin@req@width=\dimen178
) (c:/Users/tam2/AppData/Roaming/TinyTeX/texmf-dist/tex/latex/natbib/natbib.sty
Package: natbib 2010/09/13 8.31b (PWD, AO)
\bibhang=\skip63
\bibsep=\skip64
LaTeX Info: Redefining \cite on input line 694.
\c@NAT@ctr=\count305
) (c:/Users/tam2/AppData/Roaming/TinyTeX/texmf-dist/tex/latex/bookmark/bookmark.sty
Package: bookmark 2020-11-06 v1.29 PDF bookmarks (HO)
(c:/Users/tam2/AppData/Roaming/TinyTeX/texmf-dist/tex/latex/hyperref/hyperref.sty
Package: hyperref 2023-10-27 v7.01d Hypertext links for LaTeX
(c:/Users/tam2/AppData/Roaming/TinyTeX/texmf-dist/tex/generic/pdftexcmds/pdftexcmds.sty
Package: pdftexcmds 2020-06-27 v0.33 Utility functions of pdfTeX for LuaTeX (HO)
(c:/Users/tam2/AppData/Roaming/TinyTeX/texmf-dist/tex/generic/infwarerr/infwarerr.sty
Package: infwarerr 2019/12/03 v1.5 Providing info/warning/error messages (HO)
)
Package pdftexcmds Info: \pdf@primitive is available.
Package pdftexcmds Info: \pdf@ifprimitive is available.
Package pdftexcmds Info: \pdfdraftmode not found.
) (c:/Users/tam2/AppData/Roaming/TinyTeX/texmf-dist/tex/generic/kvdefinekeys/kvdefinekeys.sty
Package: kvdefinekeys 2019-12-19 v1.6 Define keys (HO)
) (c:/Users/tam2/AppData/Roaming/TinyTeX/texmf-dist/tex/generic/pdfescape/pdfescape.sty
Package: pdfescape 2019/12/09 v1.15 Implements pdfTeX's escape features (HO)
) (c:/Users/tam2/AppData/Roaming/TinyTeX/texmf-dist/tex/latex/hycolor/hycolor.sty
Package: hycolor 2020-01-27 v1.10 Color options for hyperref/bookmark (HO)
) (c:/Users/tam2/AppData/Roaming/TinyTeX/texmf-dist/tex/latex/letltxmacro/letltxmacro.sty
Package: letltxmacro 2019/12/03 v1.6 Let assignment for LaTeX macros (HO)
) (c:/Users/tam2/AppData/Roaming/TinyTeX/texmf-dist/tex/latex/auxhook/auxhook.sty
Package: auxhook 2019-12-17 v1.6 Hooks for auxiliary files (HO)
) (c:/Users/tam2/AppData/Roaming/TinyTeX/texmf-dist/tex/latex/hyperref/nameref.sty
Package: nameref 2023-10-05 v2.54 Cross-referencing by name of section
(c:/Users/tam2/AppData/Roaming/TinyTeX/texmf-dist/tex/latex/refcount/refcount.sty
Package: refcount 2019/12/15 v3.6 Data extraction from label references (HO)
) (c:/Users/tam2/AppData/Roaming/TinyTeX/texmf-dist/tex/generic/gettitlestring/gettitlestring.sty
Package: gettitlestring 2019/12/15 v1.6 Cleanup title references (HO)
)
\c@section@level=\count306
)
\@linkdim=\dimen179
\Hy@linkcounter=\count307
\Hy@pagecounter=\count308
(c:/Users/tam2/AppData/Roaming/TinyTeX/texmf-dist/tex/latex/hyperref/pd1enc.def
File: pd1enc.def 2023-10-27 v7.01d Hyperref: PDFDocEncoding definition (HO)
) (c:/Users/tam2/AppData/Roaming/TinyTeX/texmf-dist/tex/generic/intcalc/intcalc.sty
Package: intcalc 2019/12/15 v1.3 Expandable calculations with integers (HO)
)
\Hy@SavedSpaceFactor=\count309
(c:/Users/tam2/AppData/Roaming/TinyTeX/texmf-dist/tex/latex/hyperref/puenc.def
File: puenc.def 2023-10-27 v7.01d Hyperref: PDF Unicode definition (HO)
)
Package hyperref Info: Option `unicode' set `true' on input line 4051.
Package hyperref Info: Hyper figures OFF on input line 4168.
Package hyperref Info: Link nesting OFF on input line 4173.
Package hyperref Info: Hyper index ON on input line 4176.
Package hyperref Info: Plain pages OFF on input line 4183.
Package hyperref Info: Backreferencing OFF on input line 4188.
Package hyperref Info: Implicit mode ON; LaTeX internals redefined.
Package hyperref Info: Bookmarks ON on input line 4435.
\c@Hy@tempcnt=\count310
(c:/Users/tam2/AppData/Roaming/TinyTeX/texmf-dist/tex/latex/url/url.sty
\Urlmuskip=\muskip18
Package: url 2013/09/16  ver 3.4  Verb mode for urls, etc.
)
LaTeX Info: Redefining \url on input line 4773.
\XeTeXLinkMargin=\dimen180
(c:/Users/tam2/AppData/Roaming/TinyTeX/texmf-dist/tex/generic/bitset/bitset.sty
Package: bitset 2019/12/09 v1.3 Handle bit-vector datatype (HO)
(c:/Users/tam2/AppData/Roaming/TinyTeX/texmf-dist/tex/generic/bigintcalc/bigintcalc.sty
Package: bigintcalc 2019/12/15 v1.5 Expandable calculations on big integers (HO)
))
\Fld@menulength=\count311
\Field@Width=\dimen181
\Fld@charsize=\dimen182
Package hyperref Info: Hyper figures OFF on input line 6052.
Package hyperref Info: Link nesting OFF on input line 6057.
Package hyperref Info: Hyper index ON on input line 6060.
Package hyperref Info: backreferencing OFF on input line 6067.
Package hyperref Info: Link coloring OFF on input line 6072.
Package hyperref Info: Link coloring with OCG OFF on input line 6077.
Package hyperref Info: PDF/A mode OFF on input line 6082.
(c:/Users/tam2/AppData/Roaming/TinyTeX/texmf-dist/tex/latex/base/atbegshi-ltx.sty
Package: atbegshi-ltx 2021/01/10 v1.0c Emulation of the original atbegshi
package with kernel methods
)
\Hy@abspage=\count312
\c@Item=\count313
\c@Hfootnote=\count314
)
Package hyperref Info: Driver (autodetected): hxetex.
(c:/Users/tam2/AppData/Roaming/TinyTeX/texmf-dist/tex/latex/hyperref/hxetex.def
File: hxetex.def 2023-10-27 v7.01d Hyperref driver for XeTeX
(c:/Users/tam2/AppData/Roaming/TinyTeX/texmf-dist/tex/generic/stringenc/stringenc.sty
Package: stringenc 2019/11/29 v1.12 Convert strings between diff. encodings (HO)
)
\pdfm@box=\box64
\c@Hy@AnnotLevel=\count315
\HyField@AnnotCount=\count316
\Fld@listcount=\count317
\c@bookmark@seq@number=\count318
(c:/Users/tam2/AppData/Roaming/TinyTeX/texmf-dist/tex/latex/rerunfilecheck/rerunfilecheck.sty
Package: rerunfilecheck 2022-07-10 v1.10 Rerun checks for auxiliary files (HO)
(c:/Users/tam2/AppData/Roaming/TinyTeX/texmf-dist/tex/latex/base/atveryend-ltx.sty
Package: atveryend-ltx 2020/08/19 v1.0a Emulation of the original atveryend package
with kernel methods
) (c:/Users/tam2/AppData/Roaming/TinyTeX/texmf-dist/tex/generic/uniquecounter/uniquecounter.sty
Package: uniquecounter 2019/12/15 v1.4 Provide unlimited unique counter (HO)
)
Package uniquecounter Info: New unique counter `rerunfilecheck' on input line 285.
)
\Hy@SectionHShift=\skip65
) (c:/Users/tam2/AppData/Roaming/TinyTeX/texmf-dist/tex/latex/bookmark/bkm-dvipdfm.def
File: bkm-dvipdfm.def 2020-11-06 v1.29 bookmark driver for dvipdfm (HO)
\BKM@id=\count319
)) (./ECOMODbook.aux)
\openout1 = `ECOMODbook.aux'.

LaTeX Font Info:    Checking defaults for OML/cmm/m/it on input line 125.
LaTeX Font Info:    ... okay on input line 125.
LaTeX Font Info:    Checking defaults for OMS/cmsy/m/n on input line 125.
LaTeX Font Info:    ... okay on input line 125.
LaTeX Font Info:    Checking defaults for OT1/cmr/m/n on input line 125.
LaTeX Font Info:    ... okay on input line 125.
LaTeX Font Info:    Checking defaults for T1/cmr/m/n on input line 125.
LaTeX Font Info:    ... okay on input line 125.
LaTeX Font Info:    Checking defaults for TS1/cmr/m/n on input line 125.
LaTeX Font Info:    ... okay on input line 125.
LaTeX Font Info:    Checking defaults for TU/lmr/m/n on input line 125.
LaTeX Font Info:    ... okay on input line 125.
LaTeX Font Info:    Checking defaults for OMX/cmex/m/n on input line 125.
LaTeX Font Info:    ... okay on input line 125.
LaTeX Font Info:    Checking defaults for U/cmr/m/n on input line 125.
LaTeX Font Info:    ... okay on input line 125.
LaTeX Font Info:    Checking defaults for PD1/pdf/m/n on input line 125.
LaTeX Font Info:    ... okay on input line 125.
LaTeX Font Info:    Checking defaults for PU/pdf/m/n on input line 125.
LaTeX Font Info:    ... okay on input line 125.
LaTeX Font Info:    Overwriting math alphabet `\mathrm' in version `normal'
(Font)                  OT1/lmr/m/n --> TU/lmr/m/n on input line 125.
LaTeX Font Info:    Overwriting math alphabet `\mathit' in version `normal'
(Font)                  OT1/lmr/m/it --> TU/lmr/m/it on input line 125.
LaTeX Font Info:    Overwriting math alphabet `\mathbf' in version `normal'
(Font)                  OT1/lmr/bx/n --> TU/lmr/bx/n on input line 125.
LaTeX Font Info:    Overwriting math alphabet `\mathsf' in version `normal'
(Font)                  OT1/lmss/m/n --> TU/lmss/m/n on input line 125.
LaTeX Font Info:    Overwriting math alphabet `\mathsf' in version `bold'
(Font)                  OT1/lmss/bx/n --> TU/lmss/bx/n on input line 125.
LaTeX Font Info:    Overwriting math alphabet `\mathtt' in version `normal'
(Font)                  OT1/lmtt/m/n --> TU/lmtt/m/n on input line 125.
LaTeX Font Info:    Overwriting math alphabet `\mathtt' in version `bold'
(Font)                  OT1/lmtt/m/n --> TU/lmtt/bx/n on input line 125.

Package fontspec Info: latinmodern-math scale = 0.9999964596882403.


Package fontspec Info: latinmodern-math scale = 0.9999964596882403.


Package fontspec Info: latinmodern-math scale = 0.9999964596882403.


Package fontspec Info: Font family 'latinmodern-math.otf(0)' created for font
(fontspec)             'latinmodern-math.otf' with options
(fontspec)             [Scale=MatchLowercase,BoldItalicFont={},ItalicFont={},SmallCapsFont={},Script=Math,BoldFont={latinmodern-math.otf}].
(fontspec)              
(fontspec)              This font family consists of the following NFSS
(fontspec)             series/shapes:
(fontspec)              
(fontspec)             - 'normal' (m/n) with NFSS spec.:
(fontspec)             <->s*[0.9999964596882403]"[latinmodern-math.otf]/OT:script=math;language=dflt;"
(fontspec)             - 'small caps'  (m/sc) with NFSS spec.: 
(fontspec)             - 'bold' (b/n) with NFSS spec.:
(fontspec)             <->s*[0.9999964596882403]"[latinmodern-math.otf]/OT:script=math;language=dflt;"
(fontspec)             - 'bold small caps'  (b/sc) with NFSS spec.: 

LaTeX Font Info:    Font shape `TU/latinmodern-math.otf(0)/m/n' will be
(Font)              scaled to size 10.0pt on input line 125.

Package fontspec Info: latinmodern-math scale = 0.9999964596882403.


Package fontspec Info: latinmodern-math scale = 0.9999964596882403.


Package fontspec Info: latinmodern-math scale = 0.9999964596882403.


Package fontspec Info: latinmodern-math scale = 0.9999964596882403.


Package fontspec Info: latinmodern-math scale = 0.9999964596882403.


Package fontspec Info: Font family 'latinmodern-math.otf(1)' created for font
(fontspec)             'latinmodern-math.otf' with options
(fontspec)             [Scale=MatchLowercase,BoldItalicFont={},ItalicFont={},SmallCapsFont={},Script=Math,SizeFeatures={{Size=8.5-},{Size=6-8.5,Font=latinmodern-math.otf,Style=MathScript},{Size=-6,Font=latinmodern-math.otf,Style=MathScriptScript}},BoldFont={latinmodern-math.otf}].
(fontspec)              
(fontspec)              This font family consists of the following NFSS
(fontspec)             series/shapes:
(fontspec)              
(fontspec)             - 'normal' (m/n) with NFSS spec.:
(fontspec)             <8.5->s*[0.9999964596882403]"[latinmodern-math.otf]/OT:script=math;language=dflt;"<6-8.5>s*[0.9999964596882403]"[latinmodern-math.otf]/OT:script=math;language=dflt;+ssty=0;"<-6>s*[0.9999964596882403]"[latinmodern-math.otf]/OT:script=math;language=dflt;+ssty=1;"
(fontspec)             - 'small caps'  (m/sc) with NFSS spec.: 
(fontspec)             - 'bold' (b/n) with NFSS spec.:
(fontspec)             <->s*[0.9999964596882403]"[latinmodern-math.otf]/OT:script=math;language=dflt;"
(fontspec)             - 'bold small caps'  (b/sc) with NFSS spec.: 

LaTeX Font Info:    Font shape `TU/latinmodern-math.otf(1)/m/n' will be
(Font)              scaled to size 10.0pt on input line 125.
LaTeX Font Info:    Encoding `OT1' has changed to `TU' for symbol font
(Font)              `operators' in the math version `normal' on input line 125.
LaTeX Font Info:    Overwriting symbol font `operators' in version `normal'
(Font)                  OT1/lmr/m/n --> TU/latinmodern-math.otf(1)/m/n on input line 125.
LaTeX Font Info:    Encoding `OT1' has changed to `TU' for symbol font
(Font)              `operators' in the math version `bold' on input line 125.
LaTeX Font Info:    Overwriting symbol font `operators' in version `bold'
(Font)                  OT1/lmr/bx/n --> TU/latinmodern-math.otf(1)/b/n on input line 125.

Package fontspec Info: latinmodern-math scale = 0.9999964596882403.


Package fontspec Info: latinmodern-math scale = 1.000096459334209.


Package fontspec Info: latinmodern-math scale = 0.9999964596882403.


Package fontspec Info: latinmodern-math scale = 1.000096459334209.


Package fontspec Info: latinmodern-math scale = 0.9999964596882403.


Package fontspec Info: latinmodern-math scale = 1.000096459334209.


Package fontspec Info: latinmodern-math scale = 0.9999964596882403.


Package fontspec Info: latinmodern-math scale = 1.000096459334209.


Package fontspec Info: latinmodern-math scale = 0.9999964596882403.


Package fontspec Info: latinmodern-math scale = 1.000096459334209.


Package fontspec Info: Font family 'latinmodern-math.otf(2)' created for font
(fontspec)             'latinmodern-math.otf' with options
(fontspec)             [Scale=MatchLowercase,BoldItalicFont={},ItalicFont={},SmallCapsFont={},Script=Math,SizeFeatures={{Size=8.5-},{Size=6-8.5,Font=latinmodern-math.otf,Style=MathScript},{Size=-6,Font=latinmodern-math.otf,Style=MathScriptScript}},BoldFont={latinmodern-math.otf},ScaleAgain=1.0001,FontAdjustment={\fontdimen
(fontspec)             8\font =6.77pt\relax \fontdimen 9\font =3.94pt\relax
(fontspec)             \fontdimen 10\font =4.44pt\relax \fontdimen 11\font
(fontspec)             =6.86pt\relax \fontdimen 12\font =3.45pt\relax
(fontspec)             \fontdimen 13\font =3.63pt\relax \fontdimen 14\font
(fontspec)             =3.63pt\relax \fontdimen 15\font =2.89pt\relax
(fontspec)             \fontdimen 16\font =2.47pt\relax \fontdimen 17\font
(fontspec)             =2.47pt\relax \fontdimen 18\font =2.5pt\relax
(fontspec)             \fontdimen 19\font =2.0pt\relax \fontdimen 22\font
(fontspec)             =2.5pt\relax \fontdimen 20\font =0pt\relax \fontdimen
(fontspec)             21\font =0pt\relax }].
(fontspec)              
(fontspec)              This font family consists of the following NFSS
(fontspec)             series/shapes:
(fontspec)              
(fontspec)             - 'normal' (m/n) with NFSS spec.:
(fontspec)             <8.5->s*[1.000096459334209]"[latinmodern-math.otf]/OT:script=math;language=dflt;"<6-8.5>s*[1.000096459334209]"[latinmodern-math.otf]/OT:script=math;language=dflt;+ssty=0;"<-6>s*[1.000096459334209]"[latinmodern-math.otf]/OT:script=math;language=dflt;+ssty=1;"
(fontspec)             - 'small caps'  (m/sc) with NFSS spec.: 
(fontspec)             and font adjustment code:
(fontspec)             \fontdimen 8\font =6.77pt\relax \fontdimen 9\font
(fontspec)             =3.94pt\relax \fontdimen 10\font =4.44pt\relax
(fontspec)             \fontdimen 11\font =6.86pt\relax \fontdimen 12\font
(fontspec)             =3.45pt\relax \fontdimen 13\font =3.63pt\relax
(fontspec)             \fontdimen 14\font =3.63pt\relax \fontdimen 15\font
(fontspec)             =2.89pt\relax \fontdimen 16\font =2.47pt\relax
(fontspec)             \fontdimen 17\font =2.47pt\relax \fontdimen 18\font
(fontspec)             =2.5pt\relax \fontdimen 19\font =2.0pt\relax \fontdimen
(fontspec)             22\font =2.5pt\relax \fontdimen 20\font =0pt\relax
(fontspec)             \fontdimen 21\font =0pt\relax 
(fontspec)             - 'bold' (b/n) with NFSS spec.:
(fontspec)             <->s*[1.000096459334209]"[latinmodern-math.otf]/OT:script=math;language=dflt;"
(fontspec)             - 'bold small caps'  (b/sc) with NFSS spec.: 
(fontspec)             and font adjustment code:
(fontspec)             \fontdimen 8\font =6.77pt\relax \fontdimen 9\font
(fontspec)             =3.94pt\relax \fontdimen 10\font =4.44pt\relax
(fontspec)             \fontdimen 11\font =6.86pt\relax \fontdimen 12\font
(fontspec)             =3.45pt\relax \fontdimen 13\font =3.63pt\relax
(fontspec)             \fontdimen 14\font =3.63pt\relax \fontdimen 15\font
(fontspec)             =2.89pt\relax \fontdimen 16\font =2.47pt\relax
(fontspec)             \fontdimen 17\font =2.47pt\relax \fontdimen 18\font
(fontspec)             =2.5pt\relax \fontdimen 19\font =2.0pt\relax \fontdimen
(fontspec)             22\font =2.5pt\relax \fontdimen 20\font =0pt\relax
(fontspec)             \fontdimen 21\font =0pt\relax 

LaTeX Font Info:    Encoding `OMS' has changed to `TU' for symbol font
(Font)              `symbols' in the math version `normal' on input line 125.
LaTeX Font Info:    Overwriting symbol font `symbols' in version `normal'
(Font)                  OMS/lmsy/m/n --> TU/latinmodern-math.otf(2)/m/n on input line 125.
LaTeX Font Info:    Encoding `OMS' has changed to `TU' for symbol font
(Font)              `symbols' in the math version `bold' on input line 125.
LaTeX Font Info:    Overwriting symbol font `symbols' in version `bold'
(Font)                  OMS/lmsy/b/n --> TU/latinmodern-math.otf(2)/b/n on input line 125.

Package fontspec Info: latinmodern-math scale = 0.9999964596882403.


Package fontspec Info: latinmodern-math scale = 0.9998964600422715.


Package fontspec Info: latinmodern-math scale = 0.9999964596882403.


Package fontspec Info: latinmodern-math scale = 0.9998964600422715.


Package fontspec Info: latinmodern-math scale = 0.9999964596882403.


Package fontspec Info: latinmodern-math scale = 0.9998964600422715.


Package fontspec Info: latinmodern-math scale = 0.9999964596882403.


Package fontspec Info: latinmodern-math scale = 0.9998964600422715.


Package fontspec Info: latinmodern-math scale = 0.9999964596882403.


Package fontspec Info: latinmodern-math scale = 0.9998964600422715.


Package fontspec Info: Font family 'latinmodern-math.otf(3)' created for font
(fontspec)             'latinmodern-math.otf' with options
(fontspec)             [Scale=MatchLowercase,BoldItalicFont={},ItalicFont={},SmallCapsFont={},Script=Math,SizeFeatures={{Size=8.5-},{Size=6-8.5,Font=latinmodern-math.otf,Style=MathScript},{Size=-6,Font=latinmodern-math.otf,Style=MathScriptScript}},BoldFont={latinmodern-math.otf},ScaleAgain=0.9999,FontAdjustment={\fontdimen
(fontspec)             8\font =0.4pt\relax \fontdimen 9\font =2.0pt\relax
(fontspec)             \fontdimen 10\font =1.67pt\relax \fontdimen 11\font
(fontspec)             =1.11pt\relax \fontdimen 12\font =6.0pt\relax
(fontspec)             \fontdimen 13\font =0pt\relax }].
(fontspec)              
(fontspec)              This font family consists of the following NFSS
(fontspec)             series/shapes:
(fontspec)              
(fontspec)             - 'normal' (m/n) with NFSS spec.:
(fontspec)             <8.5->s*[0.9998964600422715]"[latinmodern-math.otf]/OT:script=math;language=dflt;"<6-8.5>s*[0.9998964600422715]"[latinmodern-math.otf]/OT:script=math;language=dflt;+ssty=0;"<-6>s*[0.9998964600422715]"[latinmodern-math.otf]/OT:script=math;language=dflt;+ssty=1;"
(fontspec)             - 'small caps'  (m/sc) with NFSS spec.: 
(fontspec)             and font adjustment code:
(fontspec)             \fontdimen 8\font =0.4pt\relax \fontdimen 9\font
(fontspec)             =2.0pt\relax \fontdimen 10\font =1.67pt\relax
(fontspec)             \fontdimen 11\font =1.11pt\relax \fontdimen 12\font
(fontspec)             =6.0pt\relax \fontdimen 13\font =0pt\relax 
(fontspec)             - 'bold' (b/n) with NFSS spec.:
(fontspec)             <->s*[0.9998964600422715]"[latinmodern-math.otf]/OT:script=math;language=dflt;"
(fontspec)             - 'bold small caps'  (b/sc) with NFSS spec.: 
(fontspec)             and font adjustment code:
(fontspec)             \fontdimen 8\font =0.4pt\relax \fontdimen 9\font
(fontspec)             =2.0pt\relax \fontdimen 10\font =1.67pt\relax
(fontspec)             \fontdimen 11\font =1.11pt\relax \fontdimen 12\font
(fontspec)             =6.0pt\relax \fontdimen 13\font =0pt\relax 

LaTeX Font Info:    Encoding `OMX' has changed to `TU' for symbol font
(Font)              `largesymbols' in the math version `normal' on input line 125.
LaTeX Font Info:    Overwriting symbol font `largesymbols' in version `normal'
(Font)                  OMX/lmex/m/n --> TU/latinmodern-math.otf(3)/m/n on input line 125.
LaTeX Font Info:    Encoding `OMX' has changed to `TU' for symbol font
(Font)              `largesymbols' in the math version `bold' on input line 125.
LaTeX Font Info:    Overwriting symbol font `largesymbols' in version `bold'
(Font)                  OMX/lmex/m/n --> TU/latinmodern-math.otf(3)/b/n on input line 125.
LaTeX Info: Redefining \microtypecontext on input line 125.
Package microtype Info: Applying patch `item' on input line 125.
Package microtype Info: Applying patch `toc' on input line 125.
Package microtype Info: Applying patch `eqnum' on input line 125.
Package microtype Info: Applying patch `footnote' on input line 125.
Package microtype Info: Applying patch `verbatim' on input line 125.
Package microtype Info: Character protrusion enabled (level 2).
Package microtype Info: Using protrusion set `basicmath'.
Package microtype Info: No adjustment of tracking.
Package microtype Info: No adjustment of spacing.
Package microtype Info: No adjustment of kerning.
(c:/Users/tam2/AppData/Roaming/TinyTeX/texmf-dist/tex/latex/microtype/mt-LatinModernRoman.cfg
File: mt-LatinModernRoman.cfg 2021/02/21 v1.1 microtype config. file: Latin Modern Roman (RS)
)
Package hyperref Info: Link coloring OFF on input line 125.
LaTeX Font Info:    Font shape `TU/latinmodern-math.otf(1)/m/n' will be
(Font)              scaled to size 12.0pt on input line 127.
LaTeX Font Info:    Font shape `TU/latinmodern-math.otf(1)/m/n' will be
(Font)              scaled to size 8.0pt on input line 127.
LaTeX Font Info:    Font shape `TU/latinmodern-math.otf(1)/m/n' will be
(Font)              scaled to size 6.0pt on input line 127.
LaTeX Font Info:    Trying to load font information for OML+lmm on input line 127.
(c:/Users/tam2/AppData/Roaming/TinyTeX/texmf-dist/tex/latex/lm/omllmm.fd
File: omllmm.fd 2015/05/01 v1.6.1 Font defs for Latin Modern
)
LaTeX Font Info:    Font shape `TU/latinmodern-math.otf(2)/m/n' will be
(Font)              scaled to size 12.0011pt on input line 127.
LaTeX Font Info:    Font shape `TU/latinmodern-math.otf(2)/m/n' will be
(Font)              scaled to size 8.00073pt on input line 127.
LaTeX Font Info:    Font shape `TU/latinmodern-math.otf(2)/m/n' will be
(Font)              scaled to size 6.00055pt on input line 127.
LaTeX Font Info:    Font shape `TU/latinmodern-math.otf(3)/m/n' will be
(Font)              scaled to size 11.99872pt on input line 127.
LaTeX Font Info:    Font shape `TU/latinmodern-math.otf(3)/m/n' will be
(Font)              scaled to size 7.99915pt on input line 127.
LaTeX Font Info:    Font shape `TU/latinmodern-math.otf(3)/m/n' will be
(Font)              scaled to size 5.99936pt on input line 127.
LaTeX Font Info:    Trying to load font information for U+msa on input line 127.
(c:/Users/tam2/AppData/Roaming/TinyTeX/texmf-dist/tex/latex/amsfonts/umsa.fd
File: umsa.fd 2013/01/14 v3.01 AMS symbols A
) (c:/Users/tam2/AppData/Roaming/TinyTeX/texmf-dist/tex/latex/microtype/mt-msa.cfg
File: mt-msa.cfg 2006/02/04 v1.1 microtype config. file: AMS symbols (a) (RS)
)
LaTeX Font Info:    Trying to load font information for U+msb on input line 127.
(c:/Users/tam2/AppData/Roaming/TinyTeX/texmf-dist/tex/latex/amsfonts/umsb.fd
File: umsb.fd 2013/01/14 v3.01 AMS symbols B
) (c:/Users/tam2/AppData/Roaming/TinyTeX/texmf-dist/tex/latex/microtype/mt-msb.cfg
File: mt-msb.cfg 2005/06/01 v1.0 microtype config. file: AMS symbols (b) (RS)
) [1


] [2

] (./ECOMODbook.toc
LaTeX Font Info:    Font shape `TU/latinmodern-math.otf(1)/m/n' will be
(Font)              scaled to size 7.0pt on input line 6.
LaTeX Font Info:    Font shape `TU/latinmodern-math.otf(1)/m/n' will be
(Font)              scaled to size 5.0pt on input line 6.
LaTeX Font Info:    Font shape `TU/latinmodern-math.otf(2)/m/n' will be
(Font)              scaled to size 10.00092pt on input line 6.
LaTeX Font Info:    Font shape `TU/latinmodern-math.otf(2)/m/n' will be
(Font)              scaled to size 7.00064pt on input line 6.
LaTeX Font Info:    Font shape `TU/latinmodern-math.otf(2)/m/n' will be
(Font)              scaled to size 5.00046pt on input line 6.
LaTeX Font Info:    Font shape `TU/latinmodern-math.otf(3)/m/n' will be
(Font)              scaled to size 9.99893pt on input line 6.
LaTeX Font Info:    Font shape `TU/latinmodern-math.otf(3)/m/n' will be
(Font)              scaled to size 6.99925pt on input line 6.
LaTeX Font Info:    Font shape `TU/latinmodern-math.otf(3)/m/n' will be
(Font)              scaled to size 4.99947pt on input line 6.
[3] [4])
\tf@toc=\write4
\openout4 = `ECOMODbook.toc'.

[5] [6

]
Chapter 1.
[7] [8

]
Chapter 2.
[9] [10]
Chapter 3.
[11

] [12]
Chapter 4.
File: extfiles/monsteRs.jpg Graphic file (type bmp)
<extfiles/monsteRs.jpg>
File: extfiles/derivative_1.jpg Graphic file (type bmp)
<extfiles/derivative_1.jpg>
File: extfiles/monster_support.jpg Graphic file (type bmp)
<extfiles/monster_support.jpg>
File: extfiles/r_first_then.png Graphic file (type bmp)
<extfiles/r_first_then.png>
File: extfiles/usethis.png Graphic file (type bmp)
<extfiles/usethis.png>
[13

] [14]
File: extfiles/code_hero.jpg Graphic file (type bmp)
<extfiles/code_hero.jpg>
[15] [16] [17] [18]
Chapter 5.
[19

] [20] [21] [22

]
Chapter 6.
[23] [24] [25] [26

]
Chapter 7.

Underfull \hbox (badness 1655) in paragraph at lines 353--354
\TU/lmr/m/n/10 trate Simpsons paradox, as in []$[][][][][] [] [] [] [][][][][][][] [] [][][] [] [][][][][][][][][][][][] [] [][][][][][] []
 []

LaTeX Font Info:    Font shape `TU/lmtt/bx/n' in size <10> not available
(Font)              Font shape `TU/lmtt/b/n' tried instead on input line 363.
File: ECOMODbook_files/figure-latex/Freg-1.pdf Graphic file (type pdf)
<use ECOMODbook_files/figure-latex/Freg-1.pdf>
[27] [28] [29]
File: ECOMODbook_files/figure-latex/reg9-1.pdf Graphic file (type pdf)
<use ECOMODbook_files/figure-latex/reg9-1.pdf>
File: ECOMODbook_files/figure-latex/figrodents-1.pdf Graphic file (type pdf)
<use ECOMODbook_files/figure-latex/figrodents-1.pdf>
[30]
File: ECOMODbook_files/figure-latex/reg11-1.pdf Graphic file (type pdf)
<use ECOMODbook_files/figure-latex/reg11-1.pdf>

Underfull \vbox (badness 10000) has occurred while \output is active []

[31]
File: ECOMODbook_files/figure-latex/reg12-1.pdf Graphic file (type pdf)
<use ECOMODbook_files/figure-latex/reg12-1.pdf>

Underfull \vbox (badness 4366) has occurred while \output is active []

[32]
File: ECOMODbook_files/figure-latex/unnamed-chunk-1-1.pdf Graphic file (type pdf)
<use ECOMODbook_files/figure-latex/unnamed-chunk-1-1.pdf>
[33] [34]
Chapter 8.
File: ECOMODbook_files/figure-latex/a6.2-1.pdf Graphic file (type pdf)
<use ECOMODbook_files/figure-latex/a6.2-1.pdf>
[35

]
File: ECOMODbook_files/figure-latex/unnamed-chunk-2-1.pdf Graphic file (type pdf)
<use ECOMODbook_files/figure-latex/unnamed-chunk-2-1.pdf>

Underfull \vbox (badness 10000) has occurred while \output is active []

[36] [37]
Overfull \hbox (6.75pt too wide) in paragraph at lines 671--671
[]\TU/lmtt/m/n/10 ## glm(formula = peso ~ comp, family = gaussian(link = "identity"),[] 
 []


Overfull \hbox (1.5pt too wide) in paragraph at lines 671--671
[]\TU/lmtt/m/n/10 ## (Dispersion parameter for gaussian family taken to be 5.830492)[] 
 []

[38] [39]
File: ECOMODbook_files/figure-latex/a6.9-1.pdf Graphic file (type pdf)
<use ECOMODbook_files/figure-latex/a6.9-1.pdf>

Underfull \vbox (badness 10000) has occurred while \output is active []

[40]
File: ECOMODbook_files/figure-latex/a6.11-1.pdf Graphic file (type pdf)
<use ECOMODbook_files/figure-latex/a6.11-1.pdf>

Underfull \vbox (badness 10000) has occurred while \output is active []

[41]
File: ECOMODbook_files/figure-latex/a6.12-1.pdf Graphic file (type pdf)
<use ECOMODbook_files/figure-latex/a6.12-1.pdf>

Underfull \vbox (badness 10000) has occurred while \output is active []

[42]
File: ECOMODbook_files/figure-latex/a6.14-1.pdf Graphic file (type pdf)
<use ECOMODbook_files/figure-latex/a6.14-1.pdf>

Underfull \vbox (badness 10000) has occurred while \output is active []

[43]
Missing character: There is no Ã ("C3) in font lmmi7!
[44]
File: ECOMODbook_files/figure-latex/a6.18-1.pdf Graphic file (type pdf)
<use ECOMODbook_files/figure-latex/a6.18-1.pdf>
Missing character: There is no Ã ("C3) in font lmmi7!
[45]
Missing character: There is no Ã ("C3) in font lmmi7!
[46]
File: ECOMODbook_files/figure-latex/a6.21-1.pdf Graphic file (type pdf)
<use ECOMODbook_files/figure-latex/a6.21-1.pdf>
File: ECOMODbook_files/figure-latex/a6.23-1.pdf Graphic file (type pdf)
<use ECOMODbook_files/figure-latex/a6.23-1.pdf>

Underfull \vbox (badness 10000) has occurred while \output is active []

[47]
Overfull \hbox (64.5pt too wide) in paragraph at lines 1011--1011
[]\TU/lmtt/m/n/10 ## Warning in summary.lm(lm(ys ~ xs)): essentially perfect fit: summary may be[] 
 []

[48]
File: ECOMODbook_files/figure-latex/a6.25-1.pdf Graphic file (type pdf)
<use ECOMODbook_files/figure-latex/a6.25-1.pdf>
[49] [50]
File: ECOMODbook_files/figure-latex/a6.26-1.pdf Graphic file (type pdf)
<use ECOMODbook_files/figure-latex/a6.26-1.pdf>

Underfull \vbox (badness 10000) has occurred while \output is active []

[51] [52]
File: ECOMODbook_files/figure-latex/a6.27-1.pdf Graphic file (type pdf)
<use ECOMODbook_files/figure-latex/a6.27-1.pdf>
[53]
File: ECOMODbook_files/figure-latex/a6.28-1.pdf Graphic file (type pdf)
<use ECOMODbook_files/figure-latex/a6.28-1.pdf>

Underfull \vbox (badness 10000) has occurred while \output is active []

[54] [55]
File: ECOMODbook_files/figure-latex/a6.30-1.pdf Graphic file (type pdf)
<use ECOMODbook_files/figure-latex/a6.30-1.pdf>
File: ECOMODbook_files/figure-latex/a6.31-1.pdf Graphic file (type pdf)
<use ECOMODbook_files/figure-latex/a6.31-1.pdf>

Underfull \vbox (badness 10000) has occurred while \output is active []

[56]
Overfull \vbox (1.23402pt too high) detected at line 1336
 []

[57]
File: ECOMODbook_files/figure-latex/a6.32-1.pdf Graphic file (type pdf)
<use ECOMODbook_files/figure-latex/a6.32-1.pdf>
File: ECOMODbook_files/figure-latex/a6.33-1.pdf Graphic file (type pdf)
<use ECOMODbook_files/figure-latex/a6.33-1.pdf>

Underfull \vbox (badness 10000) has occurred while \output is active []

[58]
File: ECOMODbook_files/figure-latex/a6.34-1.pdf Graphic file (type pdf)
<use ECOMODbook_files/figure-latex/a6.34-1.pdf>

Underfull \vbox (badness 10000) has occurred while \output is active []

[59] [60] [61]
Overfull \vbox (1.45995pt too high) detected at line 1477
 []

[62]
File: ECOMODbook_files/figure-latex/a7.4-1.pdf Graphic file (type pdf)
<use ECOMODbook_files/figure-latex/a7.4-1.pdf>
[63]
File: ECOMODbook_files/figure-latex/a7.5-1.pdf Graphic file (type pdf)
<use ECOMODbook_files/figure-latex/a7.5-1.pdf>
[64]
File: ECOMODbook_files/figure-latex/a7.6-1.pdf Graphic file (type pdf)
<use ECOMODbook_files/figure-latex/a7.6-1.pdf>

Underfull \vbox (badness 10000) has occurred while \output is active []

[65] [66]
File: ECOMODbook_files/figure-latex/a7.7-1.pdf Graphic file (type pdf)
<use ECOMODbook_files/figure-latex/a7.7-1.pdf>
[67]
File: extfiles/Aula7Task7.JPG Graphic file (type bmp)
<extfiles/Aula7Task7.JPG>

Underfull \vbox (badness 10000) has occurred while \output is active []

[68]
File: ECOMODbook_files/figure-latex/a7.9-1.pdf Graphic file (type pdf)
<use ECOMODbook_files/figure-latex/a7.9-1.pdf>

Underfull \vbox (badness 10000) has occurred while \output is active []

[69]
File: ECOMODbook_files/figure-latex/a7.10-1.pdf Graphic file (type pdf)
<use ECOMODbook_files/figure-latex/a7.10-1.pdf>

Underfull \vbox (badness 10000) has occurred while \output is active []

[70] [71]
File: ECOMODbook_files/figure-latex/a7.11-1.pdf Graphic file (type pdf)
<use ECOMODbook_files/figure-latex/a7.11-1.pdf>
[72] [73]
Overfull \hbox (237.73401pt too wide) in paragraph at lines 1818--1819
[]\TU/lmr/m/n/10 and so, from the above output, that equates to \TU/lmtt/m/n/10 y=lmlines$coefficients[1]+lmlines$coefficients[4],lmlines$coefficients[2]
 []

File: ECOMODbook_files/figure-latex/a7.13-1.pdf Graphic file (type pdf)
<use ECOMODbook_files/figure-latex/a7.13-1.pdf>
[74]
File: ECOMODbook_files/figure-latex/a7.14-1.pdf Graphic file (type pdf)
<use ECOMODbook_files/figure-latex/a7.14-1.pdf>
File: ECOMODbook_files/figure-latex/a7.15-1.pdf Graphic file (type pdf)
<use ECOMODbook_files/figure-latex/a7.15-1.pdf>

Underfull \vbox (badness 10000) has occurred while \output is active []

[75]
File: ECOMODbook_files/figure-latex/a7.16-1.pdf Graphic file (type pdf)
<use ECOMODbook_files/figure-latex/a7.16-1.pdf>

Underfull \vbox (badness 10000) has occurred while \output is active []

[76] [77] [78

]
Chapter 9.
[79] [80]
File: ECOMODbook_files/figure-latex/a8.7-1.pdf Graphic file (type pdf)
<use ECOMODbook_files/figure-latex/a8.7-1.pdf>

Underfull \vbox (badness 3547) has occurred while \output is active []

[81]
Overfull \hbox (17.25pt too wide) in paragraph at lines 2086--2086
[]\TU/lmtt/m/n/10 ## alternative hypothesis: true difference in means is not equal to 0[] 
 []


Overfull \hbox (164.25pt too wide) in paragraph at lines 2106--2106
[]\TU/lmtt/m/n/10 ## alternative hypothesis: true difference in means between group a and group b is not equal to 0[] 
 []

[82] [83]
File: ECOMODbook_files/figure-latex/a8.12-1.pdf Graphic file (type pdf)
<use ECOMODbook_files/figure-latex/a8.12-1.pdf>

Overfull \hbox (164.25pt too wide) in paragraph at lines 2206--2206
[]\TU/lmtt/m/n/10 ## alternative hypothesis: true difference in means between group a and group b is not equal to 0[] 
 []

[84]
File: ECOMODbook_files/figure-latex/a8.16-1.pdf Graphic file (type pdf)
<use ECOMODbook_files/figure-latex/a8.16-1.pdf>

Underfull \vbox (badness 10000) has occurred while \output is active []

[85]
Overfull \hbox (164.25pt too wide) in paragraph at lines 2280--2280
[]\TU/lmtt/m/n/10 ## alternative hypothesis: true difference in means between group a and group b is not equal to 0[] 
 []

[86]
Overfull \hbox (1.5pt too wide) in paragraph at lines 2310--2310
[]\TU/lmtt/m/n/10 ## Multiple R-squared:  0.006479,   Adjusted R-squared:  -0.003659[] 
 []


Overfull \hbox (164.25pt too wide) in paragraph at lines 2332--2332
[]\TU/lmtt/m/n/10 ## alternative hypothesis: true difference in means between group a and group b is not equal to 0[] 
 []


Overfull \hbox (164.25pt too wide) in paragraph at lines 2352--2352
[]\TU/lmtt/m/n/10 ## alternative hypothesis: true difference in means between group a and group b is not equal to 0[] 
 []

[87]
Underfull \hbox (badness 2165) in paragraph at lines 2356--2357
\TU/lmr/m/n/10 We move on with perhaps the most famous example of a statistical
 []

[88]
File: ECOMODbook_files/figure-latex/a8.26-1.pdf Graphic file (type pdf)
<use ECOMODbook_files/figure-latex/a8.26-1.pdf>

Underfull \vbox (badness 10000) has occurred while \output is active []

[89] [90] [91]
File: ECOMODbook_files/figure-latex/a8.32-1.pdf Graphic file (type pdf)
<use ECOMODbook_files/figure-latex/a8.32-1.pdf>

Underfull \vbox (badness 10000) has occurred while \output is active []

[92]
Underfull \vbox (badness 10000) detected at line 2664
 []


Underfull \vbox (badness 10000) has occurred while \output is active []

[93]
File: ECOMODbook_files/figure-latex/a8.33-1.pdf Graphic file (type pdf)
<use ECOMODbook_files/figure-latex/a8.33-1.pdf>
[94]
Underfull \hbox (badness 1014) in paragraph at lines 2743--2744
\TU/lmr/m/n/10 ABranch, []$[][][][][] [] [] [] [][][][][][][] [] [][][] [] [][][][][][][][][][][][][] [] [][][][][][] [] [][][][][][][][][][][][][][][][][][][]$[]).
 []

File: extfiles/not_normal.png Graphic file (type bmp)
<extfiles/not_normal.png>

Underfull \hbox (badness 10000) in paragraph at lines 2745--2747
[][]
 []


Underfull \vbox (badness 5316) has occurred while \output is active []


Overfull \hbox (14.92122pt too wide) has occurred while \output is active
\TU/lmr/m/sl/10 9.4.  A TWO WAY ANOVA, AND BEYHOND (EX TASK: DO IT YOURSELF!) \TU/lmr/m/n/10 95
 []

[95]
File: ECOMODbook_files/figure-latex/a8.38-1.pdf Graphic file (type pdf)
<use ECOMODbook_files/figure-latex/a8.38-1.pdf>

Underfull \vbox (badness 10000) has occurred while \output is active []

[96]
File: ECOMODbook_files/figure-latex/a8.39-1.pdf Graphic file (type pdf)
<use ECOMODbook_files/figure-latex/a8.39-1.pdf>

Underfull \vbox (badness 10000) has occurred while \output is active []


Overfull \hbox (14.92122pt too wide) has occurred while \output is active
\TU/lmr/m/sl/10 9.4.  A TWO WAY ANOVA, AND BEYHOND (EX TASK: DO IT YOURSELF!) \TU/lmr/m/n/10 97
 []

[97]
File: ECOMODbook_files/figure-latex/a8.40-1.pdf Graphic file (type pdf)
<use ECOMODbook_files/figure-latex/a8.40-1.pdf>

Underfull \vbox (badness 10000) has occurred while \output is active []

[98]
Overfull \hbox (6.75pt too wide) in paragraph at lines 2830--2830
[]\TU/lmtt/m/n/10 ## lm(formula = flipper_length_mm ~ species + sex, data = penguins)[] 
 []


Overfull \hbox (14.92122pt too wide) has occurred while \output is active
\TU/lmr/m/sl/10 9.4.  A TWO WAY ANOVA, AND BEYHOND (EX TASK: DO IT YOURSELF!) \TU/lmr/m/n/10 99
 []

[99]
Overfull \hbox (22.5pt too wide) in paragraph at lines 2886--2886
[]\TU/lmtt/m/n/10 ##      (Intercept) speciesChinstrap    speciesGentoo          sexmale[] 
 []


Overfull \hbox (22.5pt too wide) in paragraph at lines 2886--2886
[]\TU/lmtt/m/n/10 ##       186.677655         5.720790        27.046208         6.850169[] 
 []

[100]
Overfull \hbox (85.5pt too wide) in paragraph at lines 2969--2969
[]\TU/lmtt/m/n/10 ##    Adeliefemale      Adeliemale Chinstrapfemale   Chinstrapmale    Gentoofemale[] 
 []


Overfull \hbox (85.5pt too wide) in paragraph at lines 2969--2969
[]\TU/lmtt/m/n/10 ##        187.7945        192.4110        191.7353        199.9118        212.7069[] 
 []


Overfull \hbox (19.92122pt too wide) has occurred while \output is active
\TU/lmr/m/sl/10 9.4.  A TWO WAY ANOVA, AND BEYHOND (EX TASK: DO IT YOURSELF!) \TU/lmr/m/n/10 101
 []

[101]
Overfull \hbox (12.0pt too wide) in paragraph at lines 3006--3006
[]\TU/lmtt/m/n/10 ## (Intercept)              187.7945     0.6619 283.721  < 2e-16 ***[] 
 []


Overfull \hbox (12.0pt too wide) in paragraph at lines 3006--3006
[]\TU/lmtt/m/n/10 ## speciesChinstrap           3.9408     1.1742   3.356 0.000884 ***[] 
 []


Overfull \hbox (12.0pt too wide) in paragraph at lines 3006--3006
[]\TU/lmtt/m/n/10 ## speciesGentoo             24.9124     0.9947  25.044  < 2e-16 ***[] 
 []


Overfull \hbox (12.0pt too wide) in paragraph at lines 3006--3006
[]\TU/lmtt/m/n/10 ## sexmale                    4.6164     0.9361   4.932  1.3e-06 ***[] 
 []


Overfull \hbox (1.5pt too wide) in paragraph at lines 3006--3006
[]\TU/lmtt/m/n/10 ## speciesChinstrap:sexmale   3.5600     1.6606   2.144 0.032782 *[] 
 []


Overfull \hbox (6.75pt too wide) in paragraph at lines 3006--3006
[]\TU/lmtt/m/n/10 ## speciesGentoo:sexmale      4.2176     1.3971   3.019 0.002737 **[] 
 []

[102]
Overfull \hbox (19.92122pt too wide) has occurred while \output is active
\TU/lmr/m/sl/10 9.4.  A TWO WAY ANOVA, AND BEYHOND (EX TASK: DO IT YOURSELF!) \TU/lmr/m/n/10 103
 []

[103] [104]
Chapter 10.
[105

] [106]
File: ECOMODbook_files/figure-latex/a9.2-1.pdf Graphic file (type pdf)
<use ECOMODbook_files/figure-latex/a9.2-1.pdf>
File: ECOMODbook_files/figure-latex/a9.3-1.pdf Graphic file (type pdf)
<use ECOMODbook_files/figure-latex/a9.3-1.pdf>

Underfull \vbox (badness 10000) has occurred while \output is active []


Overfull \hbox (5.36562pt too wide) has occurred while \output is active
\TU/lmr/m/sl/10 10.1.  COMMON SLOPE, DIFFERENT INTERCEPTS PER TREATMENT \TU/lmr/m/n/10 107
 []

[107] [108]
File: ECOMODbook_files/figure-latex/a9.7-1.pdf Graphic file (type pdf)
<use ECOMODbook_files/figure-latex/a9.7-1.pdf>

Underfull \vbox (badness 10000) has occurred while \output is active []


Overfull \hbox (5.36562pt too wide) has occurred while \output is active
\TU/lmr/m/sl/10 10.1.  COMMON SLOPE, DIFFERENT INTERCEPTS PER TREATMENT \TU/lmr/m/n/10 109
 []

[109]
File: ECOMODbook_files/figure-latex/a9.8-1.pdf Graphic file (type pdf)
<use ECOMODbook_files/figure-latex/a9.8-1.pdf>

Underfull \vbox (badness 10000) has occurred while \output is active []

[110]
Overfull \hbox (5.36562pt too wide) has occurred while \output is active
\TU/lmr/m/sl/10 10.1.  COMMON SLOPE, DIFFERENT INTERCEPTS PER TREATMENT \TU/lmr/m/n/10 111
 []

[111]
File: ECOMODbook_files/figure-latex/unnamed-chunk-8-1.pdf Graphic file (type pdf)
<use ECOMODbook_files/figure-latex/unnamed-chunk-8-1.pdf>
[112] [113]
File: ECOMODbook_files/figure-latex/a10.2-1.pdf Graphic file (type pdf)
<use ECOMODbook_files/figure-latex/a10.2-1.pdf>

Underfull \vbox (badness 10000) has occurred while \output is active []

[114]
File: ECOMODbook_files/figure-latex/a10.3-1.pdf Graphic file (type pdf)
<use ECOMODbook_files/figure-latex/a10.3-1.pdf>

LaTeX Warning: Reference `aula8' on page 115 undefined on input line 3447.


Underfull \vbox (badness 4353) has occurred while \output is active []

[115]
File: ECOMODbook_files/figure-latex/a10.5-1.pdf Graphic file (type pdf)
<use ECOMODbook_files/figure-latex/a10.5-1.pdf>

Underfull \vbox (badness 10000) has occurred while \output is active []

[116]
File: ECOMODbook_files/figure-latex/a10.6-1.pdf Graphic file (type pdf)
<use ECOMODbook_files/figure-latex/a10.6-1.pdf>

Underfull \vbox (badness 10000) has occurred while \output is active []

[117] [118]
File: ECOMODbook_files/figure-latex/a10.8-1.pdf Graphic file (type pdf)
<use ECOMODbook_files/figure-latex/a10.8-1.pdf>

Underfull \vbox (badness 10000) has occurred while \output is active []

[119] [120]
File: ECOMODbook_files/figure-latex/a10.9-1.pdf Graphic file (type pdf)
<use ECOMODbook_files/figure-latex/a10.9-1.pdf>

Underfull \vbox (badness 1092) detected at line 3629
 []

[121]
File: ECOMODbook_files/figure-latex/a10.11-1.pdf Graphic file (type pdf)
<use ECOMODbook_files/figure-latex/a10.11-1.pdf>
[122]
File: ECOMODbook_files/figure-latex/a10.12-1.pdf Graphic file (type pdf)
<use ECOMODbook_files/figure-latex/a10.12-1.pdf>
[123]
File: ECOMODbook_files/figure-latex/a10.15-1.pdf Graphic file (type pdf)
<use ECOMODbook_files/figure-latex/a10.15-1.pdf>

Underfull \vbox (badness 10000) has occurred while \output is active []

[124]
File: FigPlotRotatedAula10.JPG Graphic file (type bmp)
<FigPlotRotatedAula10.JPG>

Underfull \vbox (badness 10000) has occurred while \output is active []

[125] [126]
Chapter 11.

LaTeX Font Warning: Font shape `TU/lmtt/bx/it' in size <10> not available
(Font)              Font shape `TU/lmtt/b/sl' tried instead on input line 3777.

File: ECOMODbook_files/figure-latex/a11.1-1.pdf Graphic file (type pdf)
<use ECOMODbook_files/figure-latex/a11.1-1.pdf>

Underfull \vbox (badness 7722) has occurred while \output is active []

[127

]
Underfull \vbox (badness 3189) has occurred while \output is active []


Overfull \hbox (2.97672pt too wide) has occurred while \output is active
\TU/lmr/m/n/10 128 \TU/lmr/m/sl/10 CHAPTER 11.  ANCOVA WITH DIFFERENT SLOPES: INTERACTIONS
 []

[128]
File: ECOMODbook_files/figure-latex/a11.1-2.pdf Graphic file (type pdf)
<use ECOMODbook_files/figure-latex/a11.1-2.pdf>

Underfull \vbox (badness 1048) detected at line 3855
 []

[129]
File: ECOMODbook_files/figure-latex/a11.2-1.pdf Graphic file (type pdf)
<use ECOMODbook_files/figure-latex/a11.2-1.pdf>

Overfull \hbox (2.97672pt too wide) has occurred while \output is active
\TU/lmr/m/n/10 130 \TU/lmr/m/sl/10 CHAPTER 11.  ANCOVA WITH DIFFERENT SLOPES: INTERACTIONS
 []

[130]
File: ECOMODbook_files/figure-latex/a11.6-1.pdf Graphic file (type pdf)
<use ECOMODbook_files/figure-latex/a11.6-1.pdf>

Overfull \hbox (19.45341pt too wide) has occurred while \output is active
\TU/lmr/m/sl/10 11.2.  TASK 1 IMPLEMENTING THE ANCOVA WITH DIFFERENT SLOPES \TU/lmr/m/n/10 131
 []

[131]
File: ECOMODbook_files/figure-latex/FCR-1.pdf Graphic file (type pdf)
<use ECOMODbook_files/figure-latex/FCR-1.pdf>

Overfull \hbox (2.97672pt too wide) has occurred while \output is active
\TU/lmr/m/n/10 132 \TU/lmr/m/sl/10 CHAPTER 11.  ANCOVA WITH DIFFERENT SLOPES: INTERACTIONS
 []

[132]
Overfull \hbox (19.45341pt too wide) has occurred while \output is active
\TU/lmr/m/sl/10 11.2.  TASK 1 IMPLEMENTING THE ANCOVA WITH DIFFERENT SLOPES \TU/lmr/m/n/10 133
 []

[133]
Overfull \hbox (2.97672pt too wide) has occurred while \output is active
\TU/lmr/m/n/10 134 \TU/lmr/m/sl/10 CHAPTER 11.  ANCOVA WITH DIFFERENT SLOPES: INTERACTIONS
 []

[134]
File: ECOMODbook_files/figure-latex/a11.14-1.pdf Graphic file (type pdf)
<use ECOMODbook_files/figure-latex/a11.14-1.pdf>

Underfull \vbox (badness 1048) detected at line 4127
 []


Overfull \hbox (19.45341pt too wide) has occurred while \output is active
\TU/lmr/m/sl/10 11.2.  TASK 1 IMPLEMENTING THE ANCOVA WITH DIFFERENT SLOPES \TU/lmr/m/n/10 135
 []

[135]
File: ECOMODbook_files/figure-latex/a11.15-1.pdf Graphic file (type pdf)
<use ECOMODbook_files/figure-latex/a11.15-1.pdf>

Underfull \vbox (badness 1048) detected at line 4169
 []


Overfull \hbox (2.97672pt too wide) has occurred while \output is active
\TU/lmr/m/n/10 136 \TU/lmr/m/sl/10 CHAPTER 11.  ANCOVA WITH DIFFERENT SLOPES: INTERACTIONS
 []

[136]
File: ECOMODbook_files/figure-latex/unnamed-chunk-9-1.pdf Graphic file (type pdf)
<use ECOMODbook_files/figure-latex/unnamed-chunk-9-1.pdf>

Underfull \vbox (badness 3386) has occurred while \output is active []


Overfull \hbox (19.45341pt too wide) has occurred while \output is active
\TU/lmr/m/sl/10 11.2.  TASK 1 IMPLEMENTING THE ANCOVA WITH DIFFERENT SLOPES \TU/lmr/m/n/10 137
 []

[137]
Overfull \hbox (2.97672pt too wide) has occurred while \output is active
\TU/lmr/m/n/10 138 \TU/lmr/m/sl/10 CHAPTER 11.  ANCOVA WITH DIFFERENT SLOPES: INTERACTIONS
 []

[138]
Overfull \hbox (23.63007pt too wide) in paragraph at lines 4241--4256
[][] 
 []


LaTeX Warning: Reference `aula7' on page 139 undefined on input line 4263.

[139]
File: ECOMODbook_files/figure-latex/wod-1.pdf Graphic file (type pdf)
<use ECOMODbook_files/figure-latex/wod-1.pdf>
File: ECOMODbook_files/figure-latex/a11.20-1.pdf Graphic file (type pdf)
<use ECOMODbook_files/figure-latex/a11.20-1.pdf>

Underfull \vbox (badness 10000) has occurred while \output is active []


Overfull \hbox (2.97672pt too wide) has occurred while \output is active
\TU/lmr/m/n/10 140 \TU/lmr/m/sl/10 CHAPTER 11.  ANCOVA WITH DIFFERENT SLOPES: INTERACTIONS
 []

[140] [141]
Overfull \hbox (2.97672pt too wide) has occurred while \output is active
\TU/lmr/m/n/10 142 \TU/lmr/m/sl/10 CHAPTER 11.  ANCOVA WITH DIFFERENT SLOPES: INTERACTIONS
 []

[142] [143]
File: ECOMODbook_files/figure-latex/a11.24-1.pdf Graphic file (type pdf)
<use ECOMODbook_files/figure-latex/a11.24-1.pdf>

Underfull \vbox (badness 1400) detected at line 4452
 []


Overfull \hbox (2.97672pt too wide) has occurred while \output is active
\TU/lmr/m/n/10 144 \TU/lmr/m/sl/10 CHAPTER 11.  ANCOVA WITH DIFFERENT SLOPES: INTERACTIONS
 []

[144]
File: ECOMODbook_files/figure-latex/a11.25-1.pdf Graphic file (type pdf)
<use ECOMODbook_files/figure-latex/a11.25-1.pdf>
File: ECOMODbook_files/figure-latex/a11.26-1.pdf Graphic file (type pdf)
<use ECOMODbook_files/figure-latex/a11.26-1.pdf>

Underfull \vbox (badness 10000) has occurred while \output is active []

[145]
File: ECOMODbook_files/figure-latex/a11.27-1.pdf Graphic file (type pdf)
<use ECOMODbook_files/figure-latex/a11.27-1.pdf>

Underfull \vbox (badness 10000) has occurred while \output is active []


Overfull \hbox (2.97672pt too wide) has occurred while \output is active
\TU/lmr/m/n/10 146 \TU/lmr/m/sl/10 CHAPTER 11.  ANCOVA WITH DIFFERENT SLOPES: INTERACTIONS
 []

[146] [147]
Overfull \hbox (2.97672pt too wide) has occurred while \output is active
\TU/lmr/m/n/10 148 \TU/lmr/m/sl/10 CHAPTER 11.  ANCOVA WITH DIFFERENT SLOPES: INTERACTIONS
 []

[148

]
Chapter 12.
[149]
File: ECOMODbook_files/figure-latex/a12.1-1.pdf Graphic file (type pdf)
<use ECOMODbook_files/figure-latex/a12.1-1.pdf>

Overfull \hbox (6.9967pt too wide) has occurred while \output is active
\TU/lmr/m/n/10 150 \TU/lmr/m/sl/10 CHAPTER 12.  INTERACTIONS BETWEEN CONTINOUS COVARIATES
 []

[150] [151]
Overfull \hbox (6.9967pt too wide) has occurred while \output is active
\TU/lmr/m/n/10 152 \TU/lmr/m/sl/10 CHAPTER 12.  INTERACTIONS BETWEEN CONTINOUS COVARIATES
 []

[152]
File: ECOMODbook_files/figure-latex/a12.5-1.pdf Graphic file (type pdf)
<use ECOMODbook_files/figure-latex/a12.5-1.pdf>
[153]
Overfull \hbox (6.9967pt too wide) has occurred while \output is active
\TU/lmr/m/n/10 154 \TU/lmr/m/sl/10 CHAPTER 12.  INTERACTIONS BETWEEN CONTINOUS COVARIATES
 []

[154] [155]
Overfull \hbox (6.9967pt too wide) has occurred while \output is active
\TU/lmr/m/n/10 156 \TU/lmr/m/sl/10 CHAPTER 12.  INTERACTIONS BETWEEN CONTINOUS COVARIATES
 []

[156] [157]
Overfull \hbox (6.9967pt too wide) has occurred while \output is active
\TU/lmr/m/n/10 158 \TU/lmr/m/sl/10 CHAPTER 12.  INTERACTIONS BETWEEN CONTINOUS COVARIATES
 []

[158] [159]
Underfull \hbox (badness 1748) in paragraph at lines 5015--5016
[]\TU/lmr/m/n/10 Naturally, there will be many scenarios in which a linear model will
 []


Overfull \hbox (196.68002pt too wide) in paragraph at lines 5015--5016
[]\TU/lmr/m/n/10 https://www.researchgate.net/publication/226835875_Limitations_of_Linear_Regression_Applied_on_Ecological_Data[]). 
 []


Overfull \hbox (6.9967pt too wide) has occurred while \output is active
\TU/lmr/m/n/10 160 \TU/lmr/m/sl/10 CHAPTER 12.  INTERACTIONS BETWEEN CONTINOUS COVARIATES
 []

[160]
Chapter 13.
[161

]
Underfull \hbox (badness 10000) in paragraph at lines 5057--5059

 []

[162]
File: ECOMODbook_files/figure-latex/unnamed-chunk-14-1.pdf Graphic file (type pdf)
<use ECOMODbook_files/figure-latex/unnamed-chunk-14-1.pdf>
File: ECOMODbook_files/figure-latex/unnamed-chunk-15-1.pdf Graphic file (type pdf)
<use ECOMODbook_files/figure-latex/unnamed-chunk-15-1.pdf>

Underfull \vbox (badness 10000) has occurred while \output is active []

[163]
File: ECOMODbook_files/figure-latex/unnamed-chunk-16-1.pdf Graphic file (type pdf)
<use ECOMODbook_files/figure-latex/unnamed-chunk-16-1.pdf>

Underfull \vbox (badness 10000) has occurred while \output is active []

[164]
File: ECOMODbook_files/figure-latex/unnamed-chunk-17-1.pdf Graphic file (type pdf)
<use ECOMODbook_files/figure-latex/unnamed-chunk-17-1.pdf>

Underfull \vbox (badness 10000) has occurred while \output is active []

[165] [166] [167] [168]
Overfull \hbox (27.75pt too wide) in paragraph at lines 5360--5360
[]\TU/lmtt/m/n/10 ## lm(formula = nsp ~ NAP + exposure + salinity + humus, data = RIKZ4m)[] 
 []

[169] [170]
Overfull \hbox (1.5pt too wide) in paragraph at lines 5453--5453
[]\TU/lmtt/m/n/10 ## BICq equivalent for q in (0.234777596202668, 0.788421926315081)[] 
 []

[171] [172]
Chapter 14.
[173

]
Overfull \hbox (38.09953pt too wide) has occurred while \output is active
\TU/lmr/m/n/10 174 \TU/lmr/m/sl/10 CHAPTER 14.  CLASS 13: 10 11 2020 MAXIMUM LIKELIHOOD AND ALL THAT
 []

[174] [175]
Overfull \hbox (85.5pt too wide) in paragraph at lines 5561--5561
[]\TU/lmtt/m/n/10 ## Warning in title(...): font width unknown for character 0x09 in encoding cp1252[] 
 []

File: ECOMODbook_files/figure-latex/ch13.3-1.pdf Graphic file (type pdf)
<use ECOMODbook_files/figure-latex/ch13.3-1.pdf>

Overfull \hbox (38.09953pt too wide) has occurred while \output is active
\TU/lmr/m/n/10 176 \TU/lmr/m/sl/10 CHAPTER 14.  CLASS 13: 10 11 2020 MAXIMUM LIKELIHOOD AND ALL THAT
 []

[176]
Overfull \hbox (85.5pt too wide) in paragraph at lines 5606--5606
[]\TU/lmtt/m/n/10 ## Warning in title(...): font width unknown for character 0x09 in encoding cp1252[] 
 []

[177]
Overfull \hbox (85.5pt too wide) in paragraph at lines 5619--5619
[]\TU/lmtt/m/n/10 ## Warning in title(...): font width unknown for character 0x09 in encoding cp1252[] 
 []


Overfull \hbox (85.5pt too wide) in paragraph at lines 5632--5632
[]\TU/lmtt/m/n/10 ## Warning in title(...): font width unknown for character 0x09 in encoding cp1252[] 
 []


Overfull \hbox (85.5pt too wide) in paragraph at lines 5645--5645
[]\TU/lmtt/m/n/10 ## Warning in title(...): font width unknown for character 0x09 in encoding cp1252[] 
 []

File: ECOMODbook_files/figure-latex/ch13.4-1.pdf Graphic file (type pdf)
<use ECOMODbook_files/figure-latex/ch13.4-1.pdf>

Underfull \vbox (badness 10000) has occurred while \output is active []


Overfull \hbox (38.09953pt too wide) has occurred while \output is active
\TU/lmr/m/n/10 178 \TU/lmr/m/sl/10 CHAPTER 14.  CLASS 13: 10 11 2020 MAXIMUM LIKELIHOOD AND ALL THAT
 []

[178]
Underfull \vbox (badness 10000) has occurred while \output is active []

[179]
Overfull \hbox (38.09953pt too wide) has occurred while \output is active
\TU/lmr/m/n/10 180 \TU/lmr/m/sl/10 CHAPTER 14.  CLASS 13: 10 11 2020 MAXIMUM LIKELIHOOD AND ALL THAT
 []

[180]
File: ECOMODbook_files/figure-latex/country-1.pdf Graphic file (type pdf)
<use ECOMODbook_files/figure-latex/country-1.pdf>
[181]
File: extfiles/grand-canyon.jpg Graphic file (type bmp)
<extfiles/grand-canyon.jpg>
File: extfiles/munros.jpg Graphic file (type bmp)
<extfiles/munros.jpg>

Overfull \hbox (38.09953pt too wide) has occurred while \output is active
\TU/lmr/m/n/10 182 \TU/lmr/m/sl/10 CHAPTER 14.  CLASS 13: 10 11 2020 MAXIMUM LIKELIHOOD AND ALL THAT
 []

[182] [183]
Overfull \hbox (38.09953pt too wide) has occurred while \output is active
\TU/lmr/m/n/10 184 \TU/lmr/m/sl/10 CHAPTER 14.  CLASS 13: 10 11 2020 MAXIMUM LIKELIHOOD AND ALL THAT
 []

[184] [185]
Overfull \hbox (38.09953pt too wide) has occurred while \output is active
\TU/lmr/m/n/10 186 \TU/lmr/m/sl/10 CHAPTER 14.  CLASS 13: 10 11 2020 MAXIMUM LIKELIHOOD AND ALL THAT
 []

[186]
File: ECOMODbook_files/figure-latex/ch13.16-1.pdf Graphic file (type pdf)
<use ECOMODbook_files/figure-latex/ch13.16-1.pdf>

Underfull \vbox (badness 1048) detected at line 5994
 []

[187]
File: ECOMODbook_files/figure-latex/ch13.169-1.pdf Graphic file (type pdf)
<use ECOMODbook_files/figure-latex/ch13.169-1.pdf>

Overfull \hbox (38.09953pt too wide) has occurred while \output is active
\TU/lmr/m/n/10 188 \TU/lmr/m/sl/10 CHAPTER 14.  CLASS 13: 10 11 2020 MAXIMUM LIKELIHOOD AND ALL THAT
 []

[188] [189]
Overfull \hbox (38.09953pt too wide) has occurred while \output is active
\TU/lmr/m/n/10 190 \TU/lmr/m/sl/10 CHAPTER 14.  CLASS 13: 10 11 2020 MAXIMUM LIKELIHOOD AND ALL THAT
 []

[190]
File: ECOMODbook_files/figure-latex/ch13.24-1.pdf Graphic file (type pdf)
<use ECOMODbook_files/figure-latex/ch13.24-1.pdf>
[191]
Overfull \hbox (38.09953pt too wide) has occurred while \output is active
\TU/lmr/m/n/10 192 \TU/lmr/m/sl/10 CHAPTER 14.  CLASS 13: 10 11 2020 MAXIMUM LIKELIHOOD AND ALL THAT
 []

[192]
File: ECOMODbook_files/figure-latex/ch13.26-1.pdf Graphic file (type pdf)
<use ECOMODbook_files/figure-latex/ch13.26-1.pdf>
[193]
File: ECOMODbook_files/figure-latex/ch13.29-1.pdf Graphic file (type pdf)
<use ECOMODbook_files/figure-latex/ch13.29-1.pdf>

Underfull \vbox (badness 10000) has occurred while \output is active []


Overfull \hbox (38.09953pt too wide) has occurred while \output is active
\TU/lmr/m/n/10 194 \TU/lmr/m/sl/10 CHAPTER 14.  CLASS 13: 10 11 2020 MAXIMUM LIKELIHOOD AND ALL THAT
 []

[194] [195]
File: ECOMODbook_files/figure-latex/ch13.30.5-1.pdf Graphic file (type pdf)
<use ECOMODbook_files/figure-latex/ch13.30.5-1.pdf>

Overfull \hbox (38.09953pt too wide) has occurred while \output is active
\TU/lmr/m/n/10 196 \TU/lmr/m/sl/10 CHAPTER 14.  CLASS 13: 10 11 2020 MAXIMUM LIKELIHOOD AND ALL THAT
 []

[196]
File: ECOMODbook_files/figure-latex/ch13.33-1.pdf Graphic file (type pdf)
<use ECOMODbook_files/figure-latex/ch13.33-1.pdf>

Underfull \vbox (badness 6961) has occurred while \output is active []

[197]
Overfull \hbox (38.09953pt too wide) has occurred while \output is active
\TU/lmr/m/n/10 198 \TU/lmr/m/sl/10 CHAPTER 14.  CLASS 13: 10 11 2020 MAXIMUM LIKELIHOOD AND ALL THAT
 []

[198]
File: ECOMODbook_files/figure-latex/ch13.36-1.pdf Graphic file (type pdf)
<use ECOMODbook_files/figure-latex/ch13.36-1.pdf>

Underfull \vbox (badness 10000) has occurred while \output is active []

[199]
File: ECOMODbook_files/figure-latex/unnamed-chunk-27-1.pdf Graphic file (type pdf)
<use ECOMODbook_files/figure-latex/unnamed-chunk-27-1.pdf>

Underfull \vbox (badness 10000) has occurred while \output is active []


Overfull \hbox (38.09953pt too wide) has occurred while \output is active
\TU/lmr/m/n/10 200 \TU/lmr/m/sl/10 CHAPTER 14.  CLASS 13: 10 11 2020 MAXIMUM LIKELIHOOD AND ALL THAT
 []

[200] [201]
File: ECOMODbook_files/figure-latex/unnamed-chunk-28-1.pdf Graphic file (type pdf)
<use ECOMODbook_files/figure-latex/unnamed-chunk-28-1.pdf>

Overfull \hbox (38.09953pt too wide) has occurred while \output is active
\TU/lmr/m/n/10 202 \TU/lmr/m/sl/10 CHAPTER 14.  CLASS 13: 10 11 2020 MAXIMUM LIKELIHOOD AND ALL THAT
 []

[202]
! Missing \endcsname inserted.
<to be read again> 
                   \protect 
l.6485 ...rent perspective (see chapter \ref\citet
                                                  {aula8}). 
Here is how much of TeX's memory you used:
 20262 strings out of 477039
 394437 string characters out of 5806927
 1935667 words of memory out of 5000000
 41631 multiletter control sequences out of 15000+600000
 564552 words of font info for 93 fonts, out of 8000000 for 9000
 14 hyphenation exceptions out of 8191
 90i,8n,120p,1650b,568s stack positions out of 10000i,1000n,20000p,200000b,200000s

Output written on ECOMODbook.pdf (202 pages).
